<?xml version="1.0" encoding="UTF-8"?>
<robot generator="Robot 7.2.2 (Python 3.12.5 on darwin)" generated="2025-05-02T18:07:07.814313" rpa="false" schemaversion="5">
<suite id="s1" name="TestSuite" source="/Users/aziz/RobotFramework_UI/Software-Testing-and-Quality-Assurance/Assignment 2/Question2/TestSuite.robot">
<kw name="Open Browser To AliExpress" type="SETUP">
<kw name="Open Browser" owner="SeleniumLibrary">
<msg time="2025-05-02T18:07:07.883276" level="INFO">Opening browser 'chrome' to base url 'https://www.aliexpress.com/'.</msg>
<arg>${URL}</arg>
<arg>${BROWSER}</arg>
<doc>Opens a new browser instance to the optional ``url``.</doc>
<status status="PASS" start="2025-05-02T18:07:07.883174" elapsed="2.614091"/>
</kw>
<kw name="Maximize Browser Window" owner="SeleniumLibrary">
<doc>Maximizes current browser window.</doc>
<status status="PASS" start="2025-05-02T18:07:10.498087" elapsed="4.972997"/>
</kw>
<kw name="Wait Until Page Contains Element" owner="SeleniumLibrary">
<arg>xpath=//body</arg>
<arg>timeout=30s</arg>
<doc>Waits until the element ``locator`` appears on the current page.</doc>
<status status="PASS" start="2025-05-02T18:07:15.471405" elapsed="0.007580"/>
</kw>
<kw name="Sleep" owner="BuiltIn">
<msg time="2025-05-02T18:07:20.480394" level="INFO">Slept 5 seconds.</msg>
<arg>5s</arg>
<doc>Pauses the test executed for the given time.</doc>
<status status="PASS" start="2025-05-02T18:07:15.479106" elapsed="5.001451"/>
</kw>
<kw name="Run Keyword And Ignore Error" owner="BuiltIn">
<kw name="Click Element" owner="SeleniumLibrary">
<msg time="2025-05-02T18:07:20.481349" level="INFO">Clicking element 'xpath=//div[@role="dialog"]//button[contains(., 'Save')]'.</msg>
<msg time="2025-05-02T18:07:20.749844" level="INFO" html="true">&lt;/td&gt;&lt;/tr&gt;&lt;tr&gt;&lt;td colspan="3"&gt;&lt;a href="selenium-screenshot-292.png"&gt;&lt;img src="selenium-screenshot-292.png" width="800px"&gt;&lt;/a&gt;</msg>
<msg time="2025-05-02T18:07:20.749963" level="FAIL">Element with locator 'xpath=//div[@role="dialog"]//button[contains(., 'Save')]' not found.</msg>
<arg>xpath=//div[@role="dialog"]//button[contains(., 'Save')]</arg>
<doc>Click the element identified by ``locator``.</doc>
<status status="FAIL" start="2025-05-02T18:07:20.481094" elapsed="0.276261">Element with locator 'xpath=//div[@role="dialog"]//button[contains(., 'Save')]' not found.</status>
</kw>
<arg>Click Element</arg>
<arg>xpath=//div[@role="dialog"]//button[contains(., 'Save')]</arg>
<doc>Runs the given keyword with the given arguments and ignores possible error.</doc>
<status status="PASS" start="2025-05-02T18:07:20.480806" elapsed="0.276610"/>
</kw>
<kw name="Run Keyword And Ignore Error" owner="BuiltIn">
<kw name="Click Button" owner="SeleniumLibrary">
<msg time="2025-05-02T18:07:20.757662" level="INFO">Clicking button 'xpath=//div[@id="nav-global"]/following::button[1]'.</msg>
<msg time="2025-05-02T18:07:21.011993" level="INFO" html="true">&lt;/td&gt;&lt;/tr&gt;&lt;tr&gt;&lt;td colspan="3"&gt;&lt;a href="selenium-screenshot-293.png"&gt;&lt;img src="selenium-screenshot-293.png" width="800px"&gt;&lt;/a&gt;</msg>
<msg time="2025-05-02T18:07:21.012078" level="FAIL">Button with locator 'xpath=//div[@id="nav-global"]/following::button[1]' not found.</msg>
<arg>xpath=//div[@id="nav-global"]/following::button[1]</arg>
<doc>Clicks the button identified by ``locator``.</doc>
<status status="FAIL" start="2025-05-02T18:07:20.757581" elapsed="0.254753">Button with locator 'xpath=//div[@id="nav-global"]/following::button[1]' not found.</status>
</kw>
<arg>Click Button</arg>
<arg>xpath=//div[@id="nav-global"]/following::button[1]</arg>
<doc>Runs the given keyword with the given arguments and ignores possible error.</doc>
<status status="PASS" start="2025-05-02T18:07:20.757491" elapsed="0.254886"/>
</kw>
<kw name="Sleep" owner="BuiltIn">
<msg time="2025-05-02T18:07:24.013447" level="INFO">Slept 3 seconds.</msg>
<arg>3s</arg>
<doc>Pauses the test executed for the given time.</doc>
<status status="PASS" start="2025-05-02T18:07:21.012434" elapsed="3.001285"/>
</kw>
<kw name="Capture Page Screenshot" owner="SeleniumLibrary">
<msg time="2025-05-02T18:07:24.286742" level="INFO" html="true">&lt;/td&gt;&lt;/tr&gt;&lt;tr&gt;&lt;td colspan="3"&gt;&lt;a href="selenium-screenshot-294.png"&gt;&lt;img src="selenium-screenshot-294.png" width="800px"&gt;&lt;/a&gt;</msg>
<doc>Takes a screenshot of the current page and embeds it into a log file.</doc>
<status status="PASS" start="2025-05-02T18:07:24.014068" elapsed="0.272741"/>
</kw>
<kw name="Wait Until Element Is Visible" owner="SeleniumLibrary">
<arg>${SEARCH_BOX}</arg>
<arg>timeout=40s</arg>
<doc>Waits until the element ``locator`` is visible.</doc>
<status status="PASS" start="2025-05-02T18:07:24.286904" elapsed="0.009134"/>
</kw>
<status status="PASS" start="2025-05-02T18:07:07.882908" elapsed="16.413205"/>
</kw>
<test id="s1-t1" name="Scenario 1: Search Product" line="33">
<kw name="Search For Product">
<kw name="Input Text" owner="SeleniumLibrary">
<msg time="2025-05-02T18:07:24.296706" level="INFO">Typing text 'smart watch' into text field 'xpath=//input[@id="search-words"]'.</msg>
<arg>${SEARCH_BOX}</arg>
<arg>${PRODUCT_NAME}</arg>
<doc>Types the given ``text`` into the text field identified by ``locator``.</doc>
<status status="PASS" start="2025-05-02T18:07:24.296611" elapsed="0.163552"/>
</kw>
<kw name="Press Keys" owner="SeleniumLibrary">
<msg time="2025-05-02T18:07:24.463006" level="INFO">Sending key(s) ('RETURN',) to xpath=//input[@id="search-words"] element.</msg>
<msg time="2025-05-02T18:07:24.812176" level="INFO">Pressing special key RETURN to element.</msg>
<msg time="2025-05-02T18:07:24.812228" level="INFO">Releasing special key RETURN.</msg>
<arg>${SEARCH_BOX}</arg>
<arg>RETURN</arg>
<doc>Simulates the user pressing key(s) to an element or on the active browser.</doc>
<status status="PASS" start="2025-05-02T18:07:24.462645" elapsed="4.143762"/>
</kw>
<kw name="Sleep" owner="BuiltIn">
<msg time="2025-05-02T18:07:33.607086" level="INFO">Slept 5 seconds.</msg>
<arg>5s</arg>
<doc>Pauses the test executed for the given time.</doc>
<status status="PASS" start="2025-05-02T18:07:28.606666" elapsed="5.000710"/>
</kw>
<kw name="Page Should Contain" owner="SeleniumLibrary">
<msg time="2025-05-02T18:07:33.631100" level="INFO">Current page contains text 'smart watch'.</msg>
<arg>${PRODUCT_NAME}</arg>
<doc>Verifies that current page contains ``text``.</doc>
<status status="PASS" start="2025-05-02T18:07:33.607767" elapsed="0.023438"/>
</kw>
<status status="PASS" start="2025-05-02T18:07:24.296497" elapsed="9.334813"/>
</kw>
<status status="PASS" start="2025-05-02T18:07:24.296183" elapsed="9.335322"/>
</test>
<test id="s1-t2" name="Scenario 2: Filter by Category" line="36">
<kw name="Search For Product">
<kw name="Input Text" owner="SeleniumLibrary">
<msg time="2025-05-02T18:07:33.632411" level="INFO">Typing text 'smart watch' into text field 'xpath=//input[@id="search-words"]'.</msg>
<arg>${SEARCH_BOX}</arg>
<arg>${PRODUCT_NAME}</arg>
<doc>Types the given ``text`` into the text field identified by ``locator``.</doc>
<status status="PASS" start="2025-05-02T18:07:33.632239" elapsed="0.109568"/>
</kw>
<kw name="Press Keys" owner="SeleniumLibrary">
<msg time="2025-05-02T18:07:33.742210" level="INFO">Sending key(s) ('RETURN',) to xpath=//input[@id="search-words"] element.</msg>
<msg time="2025-05-02T18:07:34.034170" level="INFO">Pressing special key RETURN to element.</msg>
<msg time="2025-05-02T18:07:34.034294" level="INFO">Releasing special key RETURN.</msg>
<arg>${SEARCH_BOX}</arg>
<arg>RETURN</arg>
<doc>Simulates the user pressing key(s) to an element or on the active browser.</doc>
<status status="PASS" start="2025-05-02T18:07:33.741969" elapsed="2.653268"/>
</kw>
<kw name="Sleep" owner="BuiltIn">
<msg time="2025-05-02T18:07:41.396326" level="INFO">Slept 5 seconds.</msg>
<arg>5s</arg>
<doc>Pauses the test executed for the given time.</doc>
<status status="PASS" start="2025-05-02T18:07:36.395459" elapsed="5.001116"/>
</kw>
<kw name="Page Should Contain" owner="SeleniumLibrary">
<msg time="2025-05-02T18:07:41.421832" level="INFO">Current page contains text 'smart watch'.</msg>
<arg>${PRODUCT_NAME}</arg>
<doc>Verifies that current page contains ``text``.</doc>
<status status="PASS" start="2025-05-02T18:07:41.396911" elapsed="0.025165"/>
</kw>
<status status="PASS" start="2025-05-02T18:07:33.632041" elapsed="7.790152"/>
</kw>
<kw name="Sleep" owner="BuiltIn">
<msg time="2025-05-02T18:07:46.423946" level="INFO">Slept 5 seconds.</msg>
<arg>5s</arg>
<doc>Pauses the test executed for the given time.</doc>
<status status="PASS" start="2025-05-02T18:07:41.422400" elapsed="5.001861"/>
</kw>
<kw name="Execute Javascript" owner="SeleniumLibrary">
<msg time="2025-05-02T18:07:46.425590" level="INFO">Executing JavaScript:
window.scrollBy(0, 1000)
Without any arguments.</msg>
<arg>window.scrollBy(0, 1000)</arg>
<doc>Executes the given JavaScript code with possible arguments.</doc>
<status status="PASS" start="2025-05-02T18:07:46.424777" elapsed="0.017451"/>
</kw>
<kw name="Sleep" owner="BuiltIn">
<msg time="2025-05-02T18:07:49.443923" level="INFO">Slept 3 seconds.</msg>
<arg>3s</arg>
<doc>Pauses the test executed for the given time.</doc>
<status status="PASS" start="2025-05-02T18:07:46.442990" elapsed="3.001307"/>
</kw>
<kw name="Run Keyword And Ignore Error" owner="BuiltIn">
<kw name="Input Text" owner="SeleniumLibrary">
<msg time="2025-05-02T18:07:49.446377" level="INFO">Typing text '580' into text field 'xpath=(//div[contains(text(),"Price")]/following::input)[1]'.</msg>
<msg time="2025-05-02T18:07:49.826323" level="INFO" html="true">&lt;/td&gt;&lt;/tr&gt;&lt;tr&gt;&lt;td colspan="3"&gt;&lt;a href="selenium-screenshot-295.png"&gt;&lt;img src="selenium-screenshot-295.png" width="800px"&gt;&lt;/a&gt;</msg>
<msg time="2025-05-02T18:07:49.826405" level="FAIL">Element with locator 'xpath=(//div[contains(text(),"Price")]/following::input)[1]' not found.</msg>
<arg>xpath=(//div[contains(text(),"Price")]/following::input)[1]</arg>
<arg>580</arg>
<doc>Types the given ``text`` into the text field identified by ``locator``.</doc>
<status status="FAIL" start="2025-05-02T18:07:49.445772" elapsed="0.381725">Element with locator 'xpath=(//div[contains(text(),"Price")]/following::input)[1]' not found.</status>
</kw>
<arg>Input Text</arg>
<arg>xpath=(//div[contains(text(),"Price")]/following::input)[1]</arg>
<arg>580</arg>
<doc>Runs the given keyword with the given arguments and ignores possible error.</doc>
<status status="PASS" start="2025-05-02T18:07:49.445073" elapsed="0.382468"/>
</kw>
<kw name="Run Keyword And Ignore Error" owner="BuiltIn">
<kw name="Input Text" owner="SeleniumLibrary">
<msg time="2025-05-02T18:07:49.827779" level="INFO">Typing text '1249' into text field 'xpath=(//div[contains(text(),"Price")]/following::input)[2]'.</msg>
<msg time="2025-05-02T18:07:50.171445" level="INFO" html="true">&lt;/td&gt;&lt;/tr&gt;&lt;tr&gt;&lt;td colspan="3"&gt;&lt;a href="selenium-screenshot-296.png"&gt;&lt;img src="selenium-screenshot-296.png" width="800px"&gt;&lt;/a&gt;</msg>
<msg time="2025-05-02T18:07:50.171523" level="FAIL">Element with locator 'xpath=(//div[contains(text(),"Price")]/following::input)[2]' not found.</msg>
<arg>xpath=(//div[contains(text(),"Price")]/following::input)[2]</arg>
<arg>1249</arg>
<doc>Types the given ``text`` into the text field identified by ``locator``.</doc>
<status status="FAIL" start="2025-05-02T18:07:49.827713" elapsed="0.344054">Element with locator 'xpath=(//div[contains(text(),"Price")]/following::input)[2]' not found.</status>
</kw>
<arg>Input Text</arg>
<arg>xpath=(//div[contains(text(),"Price")]/following::input)[2]</arg>
<arg>1249</arg>
<doc>Runs the given keyword with the given arguments and ignores possible error.</doc>
<status status="PASS" start="2025-05-02T18:07:49.827635" elapsed="0.344176"/>
</kw>
<kw name="Run Keyword And Ignore Error" owner="BuiltIn">
<kw name="Press Keys" owner="SeleniumLibrary">
<msg time="2025-05-02T18:07:50.172130" level="INFO">Sending key(s) ('RETURN',) to xpath=(//div[contains(text(),"Price")]/following::input)[2] element.</msg>
<msg time="2025-05-02T18:07:50.506561" level="INFO" html="true">&lt;/td&gt;&lt;/tr&gt;&lt;tr&gt;&lt;td colspan="3"&gt;&lt;a href="selenium-screenshot-297.png"&gt;&lt;img src="selenium-screenshot-297.png" width="800px"&gt;&lt;/a&gt;</msg>
<msg time="2025-05-02T18:07:50.506640" level="FAIL">Element with locator 'xpath=(//div[contains(text(),"Price")]/following::input)[2]' not found.</msg>
<arg>xpath=(//div[contains(text(),"Price")]/following::input)[2]</arg>
<arg>RETURN</arg>
<doc>Simulates the user pressing key(s) to an element or on the active browser.</doc>
<status status="FAIL" start="2025-05-02T18:07:50.171992" elapsed="0.334887">Element with locator 'xpath=(//div[contains(text(),"Price")]/following::input)[2]' not found.</status>
</kw>
<arg>Press Keys</arg>
<arg>xpath=(//div[contains(text(),"Price")]/following::input)[2]</arg>
<arg>RETURN</arg>
<doc>Runs the given keyword with the given arguments and ignores possible error.</doc>
<status status="PASS" start="2025-05-02T18:07:50.171912" elapsed="0.335012"/>
</kw>
<kw name="Sleep" owner="BuiltIn">
<msg time="2025-05-02T18:07:55.507297" level="INFO">Slept 5 seconds.</msg>
<arg>5s</arg>
<doc>Pauses the test executed for the given time.</doc>
<status status="PASS" start="2025-05-02T18:07:50.507017" elapsed="5.000462"/>
</kw>
<kw name="Page Should Contain" owner="SeleniumLibrary">
<msg time="2025-05-02T18:07:55.524110" level="INFO">Current page contains text 'smart watch'.</msg>
<arg>${PRODUCT_NAME}</arg>
<doc>Verifies that current page contains ``text``.</doc>
<status status="PASS" start="2025-05-02T18:07:55.507777" elapsed="0.016397"/>
</kw>
<status status="PASS" start="2025-05-02T18:07:33.631695" elapsed="21.892679"/>
</test>
<test id="s1-t3" name="Scenario 3: Add to Cart" line="47">
<kw name="Search For Product">
<kw name="Input Text" owner="SeleniumLibrary">
<msg time="2025-05-02T18:07:55.525084" level="INFO">Typing text 'smart watch' into text field 'xpath=//input[@id="search-words"]'.</msg>
<arg>${SEARCH_BOX}</arg>
<arg>${PRODUCT_NAME}</arg>
<doc>Types the given ``text`` into the text field identified by ``locator``.</doc>
<status status="PASS" start="2025-05-02T18:07:55.524940" elapsed="0.102466"/>
</kw>
<kw name="Press Keys" owner="SeleniumLibrary">
<msg time="2025-05-02T18:07:55.627724" level="INFO">Sending key(s) ('RETURN',) to xpath=//input[@id="search-words"] element.</msg>
<msg time="2025-05-02T18:07:55.909867" level="INFO">Pressing special key RETURN to element.</msg>
<msg time="2025-05-02T18:07:55.909955" level="INFO">Releasing special key RETURN.</msg>
<arg>${SEARCH_BOX}</arg>
<arg>RETURN</arg>
<doc>Simulates the user pressing key(s) to an element or on the active browser.</doc>
<status status="PASS" start="2025-05-02T18:07:55.627513" elapsed="3.358252"/>
</kw>
<kw name="Sleep" owner="BuiltIn">
<msg time="2025-05-02T18:08:03.986979" level="INFO">Slept 5 seconds.</msg>
<arg>5s</arg>
<doc>Pauses the test executed for the given time.</doc>
<status status="PASS" start="2025-05-02T18:07:58.985938" elapsed="5.001382"/>
</kw>
<kw name="Page Should Contain" owner="SeleniumLibrary">
<msg time="2025-05-02T18:08:04.012521" level="INFO">Current page contains text 'smart watch'.</msg>
<arg>${PRODUCT_NAME}</arg>
<doc>Verifies that current page contains ``text``.</doc>
<status status="PASS" start="2025-05-02T18:08:03.987793" elapsed="0.024851"/>
</kw>
<status status="PASS" start="2025-05-02T18:07:55.524781" elapsed="8.487979"/>
</kw>
<kw name="Sleep" owner="BuiltIn">
<msg time="2025-05-02T18:08:07.013981" level="INFO">Slept 3 seconds.</msg>
<arg>3s</arg>
<doc>Pauses the test executed for the given time.</doc>
<status status="PASS" start="2025-05-02T18:08:04.012964" elapsed="3.001331"/>
</kw>
<kw name="Click Element" owner="SeleniumLibrary">
<msg time="2025-05-02T18:08:07.015593" level="INFO">Clicking element 'xpath=(//a[contains(@href, "item")])[1]'.</msg>
<arg>xpath=(//a[contains(@href, "item")])[1]</arg>
<doc>Click the element identified by ``locator``.</doc>
<status status="PASS" start="2025-05-02T18:08:07.014911" elapsed="0.090945"/>
</kw>
<kw name="Sleep" owner="BuiltIn">
<msg time="2025-05-02T18:08:12.107757" level="INFO">Slept 5 seconds.</msg>
<arg>5s</arg>
<doc>Pauses the test executed for the given time.</doc>
<status status="PASS" start="2025-05-02T18:08:07.106186" elapsed="5.001852"/>
</kw>
<kw name="Run Keyword And Ignore Error" owner="BuiltIn">
<kw name="Click Element" owner="SeleniumLibrary">
<msg time="2025-05-02T18:08:12.109948" level="INFO">Clicking element 'xpath=//button[contains(., "Accept")]'.</msg>
<msg time="2025-05-02T18:08:12.522393" level="INFO" html="true">&lt;/td&gt;&lt;/tr&gt;&lt;tr&gt;&lt;td colspan="3"&gt;&lt;a href="selenium-screenshot-298.png"&gt;&lt;img src="selenium-screenshot-298.png" width="800px"&gt;&lt;/a&gt;</msg>
<msg time="2025-05-02T18:08:12.522471" level="FAIL">Element with locator 'xpath=//button[contains(., "Accept")]' not found.</msg>
<arg>xpath=//button[contains(., "Accept")]</arg>
<doc>Click the element identified by ``locator``.</doc>
<status status="FAIL" start="2025-05-02T18:08:12.109630" elapsed="0.413080">Element with locator 'xpath=//button[contains(., "Accept")]' not found.</status>
</kw>
<arg>Click Element</arg>
<arg>xpath=//button[contains(., "Accept")]</arg>
<doc>Runs the given keyword with the given arguments and ignores possible error.</doc>
<status status="PASS" start="2025-05-02T18:08:12.109230" elapsed="0.413523"/>
</kw>
<for flavor="IN RANGE">
<iter>
<kw name="Run Keyword And Ignore Error" owner="BuiltIn">
<kw name="Wait Until Element Is Visible" owner="SeleniumLibrary">
<msg time="2025-05-02T18:08:22.897596" level="INFO" html="true">&lt;/td&gt;&lt;/tr&gt;&lt;tr&gt;&lt;td colspan="3"&gt;&lt;a href="selenium-screenshot-299.png"&gt;&lt;img src="selenium-screenshot-299.png" width="800px"&gt;&lt;/a&gt;</msg>
<msg time="2025-05-02T18:08:22.897670" level="FAIL">Element 'xpath=//button[contains(@class, "add-to-cart--addtocart--")]' not visible after 10 seconds.</msg>
<arg>xpath=//button[contains(@class, "add-to-cart--addtocart--")]</arg>
<arg>timeout=10s</arg>
<doc>Waits until the element ``locator`` is visible.</doc>
<status status="FAIL" start="2025-05-02T18:08:12.523089" elapsed="10.375418">Element 'xpath=//button[contains(@class, "add-to-cart--addtocart--")]' not visible after 10 seconds.</status>
</kw>
<arg>Wait Until Element Is Visible</arg>
<arg>xpath=//button[contains(@class, "add-to-cart--addtocart--")]</arg>
<arg>timeout=10s</arg>
<doc>Runs the given keyword with the given arguments and ignores possible error.</doc>
<status status="PASS" start="2025-05-02T18:08:12.523027" elapsed="10.375549"/>
</kw>
<kw name="Capture Page Screenshot" owner="SeleniumLibrary">
<msg time="2025-05-02T18:08:23.234819" level="INFO" html="true">&lt;/td&gt;&lt;/tr&gt;&lt;tr&gt;&lt;td colspan="3"&gt;&lt;a href="selenium-screenshot-300.png"&gt;&lt;img src="selenium-screenshot-300.png" width="800px"&gt;&lt;/a&gt;</msg>
<doc>Takes a screenshot of the current page and embeds it into a log file.</doc>
<status status="PASS" start="2025-05-02T18:08:22.898649" elapsed="0.336237"/>
</kw>
<kw name="Run Keyword And Ignore Error" owner="BuiltIn">
<kw name="Click Button" owner="SeleniumLibrary">
<msg time="2025-05-02T18:08:23.235115" level="INFO">Clicking button 'xpath=//button[contains(@class, "add-to-cart--addtocart--")]'.</msg>
<msg time="2025-05-02T18:08:23.575476" level="INFO" html="true">&lt;/td&gt;&lt;/tr&gt;&lt;tr&gt;&lt;td colspan="3"&gt;&lt;a href="selenium-screenshot-301.png"&gt;&lt;img src="selenium-screenshot-301.png" width="800px"&gt;&lt;/a&gt;</msg>
<msg time="2025-05-02T18:08:23.575554" level="FAIL">Button with locator 'xpath=//button[contains(@class, "add-to-cart--addtocart--")]' not found.</msg>
<arg>xpath=//button[contains(@class, "add-to-cart--addtocart--")]</arg>
<doc>Clicks the button identified by ``locator``.</doc>
<status status="FAIL" start="2025-05-02T18:08:23.235045" elapsed="0.340737">Button with locator 'xpath=//button[contains(@class, "add-to-cart--addtocart--")]' not found.</status>
</kw>
<arg>Click Button</arg>
<arg>xpath=//button[contains(@class, "add-to-cart--addtocart--")]</arg>
<doc>Runs the given keyword with the given arguments and ignores possible error.</doc>
<status status="PASS" start="2025-05-02T18:08:23.234969" elapsed="0.340854"/>
</kw>
<kw name="Sleep" owner="BuiltIn">
<msg time="2025-05-02T18:08:25.576230" level="INFO">Slept 2 seconds.</msg>
<arg>2s</arg>
<doc>Pauses the test executed for the given time.</doc>
<status status="PASS" start="2025-05-02T18:08:23.575881" elapsed="2.000513"/>
</kw>
<var name="${i}">0</var>
<status status="PASS" start="2025-05-02T18:08:12.522964" elapsed="13.053530"/>
</iter>
<iter>
<kw name="Run Keyword And Ignore Error" owner="BuiltIn">
<kw name="Wait Until Element Is Visible" owner="SeleniumLibrary">
<msg time="2025-05-02T18:08:35.986165" level="INFO" html="true">&lt;/td&gt;&lt;/tr&gt;&lt;tr&gt;&lt;td colspan="3"&gt;&lt;a href="selenium-screenshot-302.png"&gt;&lt;img src="selenium-screenshot-302.png" width="800px"&gt;&lt;/a&gt;</msg>
<msg time="2025-05-02T18:08:35.986270" level="FAIL">Element 'xpath=//button[contains(@class, "add-to-cart--addtocart--")]' not visible after 10 seconds.</msg>
<arg>xpath=//button[contains(@class, "add-to-cart--addtocart--")]</arg>
<arg>timeout=10s</arg>
<doc>Waits until the element ``locator`` is visible.</doc>
<status status="FAIL" start="2025-05-02T18:08:25.577160" elapsed="10.409331">Element 'xpath=//button[contains(@class, "add-to-cart--addtocart--")]' not visible after 10 seconds.</status>
</kw>
<arg>Wait Until Element Is Visible</arg>
<arg>xpath=//button[contains(@class, "add-to-cart--addtocart--")]</arg>
<arg>timeout=10s</arg>
<doc>Runs the given keyword with the given arguments and ignores possible error.</doc>
<status status="PASS" start="2025-05-02T18:08:25.576916" elapsed="10.409620"/>
</kw>
<kw name="Capture Page Screenshot" owner="SeleniumLibrary">
<msg time="2025-05-02T18:08:36.323435" level="INFO" html="true">&lt;/td&gt;&lt;/tr&gt;&lt;tr&gt;&lt;td colspan="3"&gt;&lt;a href="selenium-screenshot-303.png"&gt;&lt;img src="selenium-screenshot-303.png" width="800px"&gt;&lt;/a&gt;</msg>
<doc>Takes a screenshot of the current page and embeds it into a log file.</doc>
<status status="PASS" start="2025-05-02T18:08:35.986597" elapsed="0.336913"/>
</kw>
<kw name="Run Keyword And Ignore Error" owner="BuiltIn">
<kw name="Click Button" owner="SeleniumLibrary">
<msg time="2025-05-02T18:08:36.323848" level="INFO">Clicking button 'xpath=//button[contains(@class, "add-to-cart--addtocart--")]'.</msg>
<msg time="2025-05-02T18:08:36.665504" level="INFO" html="true">&lt;/td&gt;&lt;/tr&gt;&lt;tr&gt;&lt;td colspan="3"&gt;&lt;a href="selenium-screenshot-304.png"&gt;&lt;img src="selenium-screenshot-304.png" width="800px"&gt;&lt;/a&gt;</msg>
<msg time="2025-05-02T18:08:36.665610" level="FAIL">Button with locator 'xpath=//button[contains(@class, "add-to-cart--addtocart--")]' not found.</msg>
<arg>xpath=//button[contains(@class, "add-to-cart--addtocart--")]</arg>
<doc>Clicks the button identified by ``locator``.</doc>
<status status="FAIL" start="2025-05-02T18:08:36.323755" elapsed="0.342113">Button with locator 'xpath=//button[contains(@class, "add-to-cart--addtocart--")]' not found.</status>
</kw>
<arg>Click Button</arg>
<arg>xpath=//button[contains(@class, "add-to-cart--addtocart--")]</arg>
<doc>Runs the given keyword with the given arguments and ignores possible error.</doc>
<status status="PASS" start="2025-05-02T18:08:36.323602" elapsed="0.342308"/>
</kw>
<kw name="Sleep" owner="BuiltIn">
<msg time="2025-05-02T18:08:38.667454" level="INFO">Slept 2 seconds.</msg>
<arg>2s</arg>
<doc>Pauses the test executed for the given time.</doc>
<status status="PASS" start="2025-05-02T18:08:36.665967" elapsed="2.001579"/>
</kw>
<var name="${i}">1</var>
<status status="PASS" start="2025-05-02T18:08:25.576744" elapsed="13.090853"/>
</iter>
<iter>
<kw name="Run Keyword And Ignore Error" owner="BuiltIn">
<kw name="Wait Until Element Is Visible" owner="SeleniumLibrary">
<msg time="2025-05-02T18:08:49.183520" level="INFO" html="true">&lt;/td&gt;&lt;/tr&gt;&lt;tr&gt;&lt;td colspan="3"&gt;&lt;a href="selenium-screenshot-305.png"&gt;&lt;img src="selenium-screenshot-305.png" width="800px"&gt;&lt;/a&gt;</msg>
<msg time="2025-05-02T18:08:49.183613" level="FAIL">Element 'xpath=//button[contains(@class, "add-to-cart--addtocart--")]' not visible after 10 seconds.</msg>
<arg>xpath=//button[contains(@class, "add-to-cart--addtocart--")]</arg>
<arg>timeout=10s</arg>
<doc>Waits until the element ``locator`` is visible.</doc>
<status status="FAIL" start="2025-05-02T18:08:38.667904" elapsed="10.516032">Element 'xpath=//button[contains(@class, "add-to-cart--addtocart--")]' not visible after 10 seconds.</status>
</kw>
<arg>Wait Until Element Is Visible</arg>
<arg>xpath=//button[contains(@class, "add-to-cart--addtocart--")]</arg>
<arg>timeout=10s</arg>
<doc>Runs the given keyword with the given arguments and ignores possible error.</doc>
<status status="PASS" start="2025-05-02T18:08:38.667803" elapsed="10.516181"/>
</kw>
<kw name="Capture Page Screenshot" owner="SeleniumLibrary">
<msg time="2025-05-02T18:08:49.548223" level="INFO" html="true">&lt;/td&gt;&lt;/tr&gt;&lt;tr&gt;&lt;td colspan="3"&gt;&lt;a href="selenium-screenshot-306.png"&gt;&lt;img src="selenium-screenshot-306.png" width="800px"&gt;&lt;/a&gt;</msg>
<doc>Takes a screenshot of the current page and embeds it into a log file.</doc>
<status status="PASS" start="2025-05-02T18:08:49.184049" elapsed="0.364241"/>
</kw>
<kw name="Run Keyword And Ignore Error" owner="BuiltIn">
<kw name="Click Button" owner="SeleniumLibrary">
<msg time="2025-05-02T18:08:49.548539" level="INFO">Clicking button 'xpath=//button[contains(@class, "add-to-cart--addtocart--")]'.</msg>
<msg time="2025-05-02T18:08:49.927180" level="INFO" html="true">&lt;/td&gt;&lt;/tr&gt;&lt;tr&gt;&lt;td colspan="3"&gt;&lt;a href="selenium-screenshot-307.png"&gt;&lt;img src="selenium-screenshot-307.png" width="800px"&gt;&lt;/a&gt;</msg>
<msg time="2025-05-02T18:08:49.927272" level="FAIL">Button with locator 'xpath=//button[contains(@class, "add-to-cart--addtocart--")]' not found.</msg>
<arg>xpath=//button[contains(@class, "add-to-cart--addtocart--")]</arg>
<doc>Clicks the button identified by ``locator``.</doc>
<status status="FAIL" start="2025-05-02T18:08:49.548463" elapsed="0.379073">Button with locator 'xpath=//button[contains(@class, "add-to-cart--addtocart--")]' not found.</status>
</kw>
<arg>Click Button</arg>
<arg>xpath=//button[contains(@class, "add-to-cart--addtocart--")]</arg>
<doc>Runs the given keyword with the given arguments and ignores possible error.</doc>
<status status="PASS" start="2025-05-02T18:08:49.548383" elapsed="0.379199"/>
</kw>
<kw name="Sleep" owner="BuiltIn">
<msg time="2025-05-02T18:08:51.928449" level="INFO">Slept 2 seconds.</msg>
<arg>2s</arg>
<doc>Pauses the test executed for the given time.</doc>
<status status="PASS" start="2025-05-02T18:08:49.927644" elapsed="2.001070"/>
</kw>
<var name="${i}">2</var>
<status status="PASS" start="2025-05-02T18:08:38.667722" elapsed="13.261123"/>
</iter>
<var>${i}</var>
<value>3</value>
<status status="PASS" start="2025-05-02T18:08:12.522834" elapsed="39.406108"/>
</for>
<kw name="Click Element" owner="SeleniumLibrary">
<msg time="2025-05-02T18:08:51.929866" level="INFO">Clicking element 'xpath=//a[contains(@href, "shoppingcart")]'.</msg>
<arg>xpath=//a[contains(@href, "shoppingcart")]</arg>
<doc>Click the element identified by ``locator``.</doc>
<status status="PASS" start="2025-05-02T18:08:51.929439" elapsed="3.811166"/>
</kw>
<kw name="Sleep" owner="BuiltIn">
<msg time="2025-05-02T18:09:00.743283" level="INFO">Slept 5 seconds.</msg>
<arg>5s</arg>
<doc>Pauses the test executed for the given time.</doc>
<status status="PASS" start="2025-05-02T18:08:55.740793" elapsed="5.002754"/>
</kw>
<kw name="Run Keyword And Ignore Error" owner="BuiltIn">
<kw name="Page Should Contain Element" owner="SeleniumLibrary">
<msg time="2025-05-02T18:09:00.759011" level="INFO">Current page contains element 'xpath=//div[contains(@class, 'cart')]'.</msg>
<arg>xpath=//div[contains(@class, 'cart')]</arg>
<doc>Verifies that element ``locator`` is found on the current page.</doc>
<status status="PASS" start="2025-05-02T18:09:00.744334" elapsed="0.014759"/>
</kw>
<arg>Page Should Contain Element</arg>
<arg>xpath=//div[contains(@class, 'cart')]</arg>
<doc>Runs the given keyword with the given arguments and ignores possible error.</doc>
<status status="PASS" start="2025-05-02T18:09:00.744027" elapsed="0.015135"/>
</kw>
<kw name="Run Keyword And Ignore Error" owner="BuiltIn">
<kw name="Page Should Contain Element" owner="SeleniumLibrary">
<msg time="2025-05-02T18:09:01.003124" level="INFO" html="true">&lt;/td&gt;&lt;/tr&gt;&lt;tr&gt;&lt;td colspan="3"&gt;&lt;a href="selenium-screenshot-308.png"&gt;&lt;img src="selenium-screenshot-308.png" width="800px"&gt;&lt;/a&gt;</msg>
<msg time="2025-05-02T18:09:01.003195" level="FAIL">Page should have contained element 'xpath=//div[contains(@class, 'product')]' but did not.</msg>
<arg>xpath=//div[contains(@class, 'product')]</arg>
<doc>Verifies that element ``locator`` is found on the current page.</doc>
<status status="FAIL" start="2025-05-02T18:09:00.759490" elapsed="0.244835">Page should have contained element 'xpath=//div[contains(@class, 'product')]' but did not.</status>
</kw>
<arg>Page Should Contain Element</arg>
<arg>xpath=//div[contains(@class, 'product')]</arg>
<doc>Runs the given keyword with the given arguments and ignores possible error.</doc>
<status status="PASS" start="2025-05-02T18:09:00.759347" elapsed="0.245037"/>
</kw>
<kw name="Run Keyword And Ignore Error" owner="BuiltIn">
<kw name="Page Should Contain Element" owner="SeleniumLibrary">
<msg time="2025-05-02T18:09:01.004608" level="FAIL">Keyword 'SeleniumLibrary.Page Should Contain Element' expected 1 to 4 arguments, got 5.</msg>
<arg>xpath=//div[contains(text(), 'item')]</arg>
<arg>xpath=//div[contains(@class, 'cart') or contains(@class, 'product') or contains(text(), 'item')]</arg>
<arg>xpath=//div[contains(@class, 'cart') or contains(@class, 'product') or contains(text(), 'item')]</arg>
<arg>xpath=//div[contains(@class, 'cart') or contains(@class, 'product') or contains(text(), 'item')]</arg>
<arg>xpath=//div[contains(@class, 'cart') or contains(@class, 'product') or contains(text(), 'item')]</arg>
<doc>Verifies that element ``locator`` is found on the current page.</doc>
<status status="FAIL" start="2025-05-02T18:09:01.004558" elapsed="0.000064">Keyword 'SeleniumLibrary.Page Should Contain Element' expected 1 to 4 arguments, got 5.</status>
</kw>
<arg>Page Should Contain Element</arg>
<arg>xpath=//div[contains(text(), 'item')]</arg>
<arg>xpath=//div[contains(@class, 'cart') or contains(@class, 'product') or contains(text(), 'item')]</arg>
<arg>xpath=//div[contains(@class, 'cart') or contains(@class, 'product') or contains(text(), 'item')]</arg>
<arg>xpath=//div[contains(@class, 'cart') or contains(@class, 'product') or contains(text(), 'item')]</arg>
<arg>xpath=//div[contains(@class, 'cart') or contains(@class, 'product') or contains(text(), 'item')]</arg>
<doc>Runs the given keyword with the given arguments and ignores possible error.</doc>
<status status="PASS" start="2025-05-02T18:09:01.004478" elapsed="0.000169"/>
</kw>
<status status="PASS" start="2025-05-02T18:07:55.524552" elapsed="65.480158"/>
</test>
<test id="s1-t4" name="Scenario 4: Change Language" line="65">
<kw name="Run Keyword And Ignore Error" owner="BuiltIn">
<kw name="Wait Until Element Is Visible" owner="SeleniumLibrary">
<msg time="2025-05-02T18:09:31.413567" level="INFO" html="true">&lt;/td&gt;&lt;/tr&gt;&lt;tr&gt;&lt;td colspan="3"&gt;&lt;a href="selenium-screenshot-309.png"&gt;&lt;img src="selenium-screenshot-309.png" width="800px"&gt;&lt;/a&gt;</msg>
<msg time="2025-05-02T18:09:31.413647" level="FAIL">Element 'xpath=//div[contains(@class,'topbar-language')]//span[contains(.,'Language')]' not visible after 30 seconds.</msg>
<arg>xpath=//div[contains(@class,'topbar-language')]//span[contains(.,'Language')]</arg>
<arg>timeout=30s</arg>
<doc>Waits until the element ``locator`` is visible.</doc>
<status status="FAIL" start="2025-05-02T18:09:01.004959" elapsed="30.408875">Element 'xpath=//div[contains(@class,'topbar-language')]//span[contains(.,'Language')]' not visible after 30 seconds.</status>
</kw>
<arg>Wait Until Element Is Visible</arg>
<arg>xpath=//div[contains(@class,'topbar-language')]//span[contains(.,'Language')]</arg>
<arg>timeout=30s</arg>
<doc>Runs the given keyword with the given arguments and ignores possible error.</doc>
<status status="PASS" start="2025-05-02T18:09:01.004910" elapsed="30.408967"/>
</kw>
<kw name="Run Keyword And Ignore Error" owner="BuiltIn">
<kw name="Click Element" owner="SeleniumLibrary">
<msg time="2025-05-02T18:09:31.414526" level="INFO">Clicking element 'xpath=//div[contains(@class,'topbar-language')]//span[contains(.,'Language')]'.</msg>
<msg time="2025-05-02T18:09:31.623558" level="INFO" html="true">&lt;/td&gt;&lt;/tr&gt;&lt;tr&gt;&lt;td colspan="3"&gt;&lt;a href="selenium-screenshot-310.png"&gt;&lt;img src="selenium-screenshot-310.png" width="800px"&gt;&lt;/a&gt;</msg>
<msg time="2025-05-02T18:09:31.623640" level="FAIL">Element with locator 'xpath=//div[contains(@class,'topbar-language')]//span[contains(.,'Language')]' not found.</msg>
<arg>xpath=//div[contains(@class,'topbar-language')]//span[contains(.,'Language')]</arg>
<doc>Click the element identified by ``locator``.</doc>
<status status="FAIL" start="2025-05-02T18:09:31.414427" elapsed="0.209481">Element with locator 'xpath=//div[contains(@class,'topbar-language')]//span[contains(.,'Language')]' not found.</status>
</kw>
<arg>Click Element</arg>
<arg>xpath=//div[contains(@class,'topbar-language')]//span[contains(.,'Language')]</arg>
<doc>Runs the given keyword with the given arguments and ignores possible error.</doc>
<status status="PASS" start="2025-05-02T18:09:31.414340" elapsed="0.209620"/>
</kw>
<kw name="Sleep" owner="BuiltIn">
<msg time="2025-05-02T18:09:34.625453" level="INFO">Slept 3 seconds.</msg>
<arg>3s</arg>
<doc>Pauses the test executed for the given time.</doc>
<status status="PASS" start="2025-05-02T18:09:31.624073" elapsed="3.001664"/>
</kw>
<kw name="Run Keyword And Ignore Error" owner="BuiltIn">
<kw name="Click Element" owner="SeleniumLibrary">
<msg time="2025-05-02T18:09:34.627048" level="INFO">Clicking element 'xpath=//a[contains(text(),'Arabic') or contains(text(),'English')]'.</msg>
<arg>xpath=//a[contains(text(),'Arabic') or contains(text(),'English')]</arg>
<doc>Click the element identified by ``locator``.</doc>
<status status="PASS" start="2025-05-02T18:09:34.626687" elapsed="2.629598"/>
</kw>
<arg>Click Element</arg>
<arg>xpath=//a[contains(text(),'Arabic') or contains(text(),'English')]</arg>
<doc>Runs the given keyword with the given arguments and ignores possible error.</doc>
<status status="PASS" start="2025-05-02T18:09:34.626296" elapsed="2.630058"/>
</kw>
<kw name="Sleep" owner="BuiltIn">
<msg time="2025-05-02T18:09:42.258807" level="INFO">Slept 5 seconds.</msg>
<arg>5s</arg>
<doc>Pauses the test executed for the given time.</doc>
<status status="PASS" start="2025-05-02T18:09:37.256482" elapsed="5.003039"/>
</kw>
<kw name="Run Keyword And Ignore Error" owner="BuiltIn">
<kw name="Page Should Contain Element" owner="SeleniumLibrary">
<msg time="2025-05-02T18:09:42.562530" level="INFO" html="true">&lt;/td&gt;&lt;/tr&gt;&lt;tr&gt;&lt;td colspan="3"&gt;&lt;a href="selenium-screenshot-311.png"&gt;&lt;img src="selenium-screenshot-311.png" width="800px"&gt;&lt;/a&gt;</msg>
<msg time="2025-05-02T18:09:42.562609" level="FAIL">Page should have contained element 'xpath=//body[contains(@lang,'ar')]' but did not.</msg>
<arg>xpath=//body[contains(@lang,'ar')]</arg>
<doc>Verifies that element ``locator`` is found on the current page.</doc>
<status status="FAIL" start="2025-05-02T18:09:42.261825" elapsed="0.300961">Page should have contained element 'xpath=//body[contains(@lang,'ar')]' but did not.</status>
</kw>
<arg>Page Should Contain Element</arg>
<arg>xpath=//body[contains(@lang,'ar')]</arg>
<doc>Runs the given keyword with the given arguments and ignores possible error.</doc>
<status status="PASS" start="2025-05-02T18:09:42.261086" elapsed="0.301746"/>
</kw>
<kw name="Run Keyword And Ignore Error" owner="BuiltIn">
<kw name="Page Should Contain Element" owner="SeleniumLibrary">
<msg time="2025-05-02T18:09:42.563071" level="FAIL">Keyword 'SeleniumLibrary.Page Should Contain Element' expected 1 to 4 arguments, got 6.</msg>
<arg>xpath=//body[contains(@lang,'en')]</arg>
<arg>xpath=//body[contains(@lang,'ar') or contains(@lang,'en')]</arg>
<arg>xpath=//body[contains(@lang,'ar') or contains(@lang,'en')]</arg>
<arg>xpath=//body[contains(@lang,'ar') or contains(@lang,'en')]</arg>
<arg>xpath=//body[contains(@lang,'ar') or contains(@lang,'en')]</arg>
<arg>xpath=//body[contains(@lang,'ar') or contains(@lang,'en')]</arg>
<doc>Verifies that element ``locator`` is found on the current page.</doc>
<status status="FAIL" start="2025-05-02T18:09:42.563021" elapsed="0.000063">Keyword 'SeleniumLibrary.Page Should Contain Element' expected 1 to 4 arguments, got 6.</status>
</kw>
<arg>Page Should Contain Element</arg>
<arg>xpath=//body[contains(@lang,'en')]</arg>
<arg>xpath=//body[contains(@lang,'ar') or contains(@lang,'en')]</arg>
<arg>xpath=//body[contains(@lang,'ar') or contains(@lang,'en')]</arg>
<arg>xpath=//body[contains(@lang,'ar') or contains(@lang,'en')]</arg>
<arg>xpath=//body[contains(@lang,'ar') or contains(@lang,'en')]</arg>
<arg>xpath=//body[contains(@lang,'ar') or contains(@lang,'en')]</arg>
<doc>Runs the given keyword with the given arguments and ignores possible error.</doc>
<status status="PASS" start="2025-05-02T18:09:42.562933" elapsed="0.000176"/>
</kw>
<status status="PASS" start="2025-05-02T18:09:01.004794" elapsed="41.558379"/>
</test>
<test id="s1-t5" name="Scenario 7: Zoom Product Image" line="74">
<kw name="Search For Product">
<kw name="Input Text" owner="SeleniumLibrary">
<msg time="2025-05-02T18:09:42.563665" level="INFO">Typing text 'smart watch' into text field 'xpath=//input[@id="search-words"]'.</msg>
<arg>${SEARCH_BOX}</arg>
<arg>${PRODUCT_NAME}</arg>
<doc>Types the given ``text`` into the text field identified by ``locator``.</doc>
<status status="PASS" start="2025-05-02T18:09:42.563485" elapsed="0.126372"/>
</kw>
<kw name="Press Keys" owner="SeleniumLibrary">
<msg time="2025-05-02T18:09:42.690171" level="INFO">Sending key(s) ('RETURN',) to xpath=//input[@id="search-words"] element.</msg>
<msg time="2025-05-02T18:09:42.975974" level="INFO">Pressing special key RETURN to element.</msg>
<msg time="2025-05-02T18:09:42.976274" level="INFO">Releasing special key RETURN.</msg>
<arg>${SEARCH_BOX}</arg>
<arg>RETURN</arg>
<doc>Simulates the user pressing key(s) to an element or on the active browser.</doc>
<status status="PASS" start="2025-05-02T18:09:42.689957" elapsed="3.976695"/>
</kw>
<kw name="Sleep" owner="BuiltIn">
<msg time="2025-05-02T18:09:51.668080" level="INFO">Slept 5 seconds.</msg>
<arg>5s</arg>
<doc>Pauses the test executed for the given time.</doc>
<status status="PASS" start="2025-05-02T18:09:46.666814" elapsed="5.001577"/>
</kw>
<kw name="Page Should Contain" owner="SeleniumLibrary">
<msg time="2025-05-02T18:09:51.693960" level="INFO">Current page contains text 'smart watch'.</msg>
<arg>${PRODUCT_NAME}</arg>
<doc>Verifies that current page contains ``text``.</doc>
<status status="PASS" start="2025-05-02T18:09:51.668813" elapsed="0.025242"/>
</kw>
<status status="PASS" start="2025-05-02T18:09:42.563411" elapsed="9.130729"/>
</kw>
<kw name="Click Element" owner="SeleniumLibrary">
<msg time="2025-05-02T18:09:51.694449" level="INFO">Clicking element 'xpath=(//a[contains(@href, "item")])[1]'.</msg>
<arg>xpath=(//a[contains(@href, "item")])[1]</arg>
<doc>Click the element identified by ``locator``.</doc>
<status status="PASS" start="2025-05-02T18:09:51.694294" elapsed="0.075328"/>
</kw>
<kw name="Sleep" owner="BuiltIn">
<msg time="2025-05-02T18:09:54.771481" level="INFO">Slept 3 seconds.</msg>
<arg>3s</arg>
<doc>Pauses the test executed for the given time.</doc>
<status status="PASS" start="2025-05-02T18:09:51.769934" elapsed="3.001677"/>
</kw>
<kw name="Mouse Over" owner="SeleniumLibrary">
<msg time="2025-05-02T18:09:54.771910" level="INFO">Simulating Mouse Over on element 'xpath=//img[contains(@src, 'jpg') or contains(@src, 'jpeg')]'.</msg>
<arg>xpath=//img[contains(@src, 'jpg') or contains(@src, 'jpeg')]</arg>
<doc>Simulates hovering the mouse over the element ``locator``.</doc>
<status status="PASS" start="2025-05-02T18:09:54.771776" elapsed="5.279216"/>
</kw>
<kw name="Sleep" owner="BuiltIn">
<msg time="2025-05-02T18:10:02.054398" level="INFO">Slept 2 seconds.</msg>
<arg>2s</arg>
<doc>Pauses the test executed for the given time.</doc>
<status status="PASS" start="2025-05-02T18:10:00.051628" elapsed="2.003269"/>
</kw>
<kw name="Capture Page Screenshot" owner="SeleniumLibrary">
<msg time="2025-05-02T18:10:02.423801" level="INFO" html="true">&lt;/td&gt;&lt;/tr&gt;&lt;tr&gt;&lt;td colspan="3"&gt;&lt;a href="selenium-screenshot-312.png"&gt;&lt;img src="selenium-screenshot-312.png" width="800px"&gt;&lt;/a&gt;</msg>
<doc>Takes a screenshot of the current page and embeds it into a log file.</doc>
<status status="PASS" start="2025-05-02T18:10:02.055397" elapsed="0.368462"/>
</kw>
<status status="PASS" start="2025-05-02T18:09:42.563260" elapsed="19.860692"/>
</test>
<test id="s1-t6" name="Scenario 8: Change Shipping Destination" line="82">
<kw name="Run Keyword And Ignore Error" owner="BuiltIn">
<kw name="Wait Until Element Is Visible" owner="SeleniumLibrary">
<arg>xpath=//div[contains(@class, 'ship-to') or contains(text(),'Ship to')]</arg>
<arg>timeout=30s</arg>
<doc>Waits until the element ``locator`` is visible.</doc>
<status status="PASS" start="2025-05-02T18:10:02.424275" elapsed="0.008684"/>
</kw>
<arg>Wait Until Element Is Visible</arg>
<arg>xpath=//div[contains(@class, 'ship-to') or contains(text(),'Ship to')]</arg>
<arg>timeout=30s</arg>
<doc>Runs the given keyword with the given arguments and ignores possible error.</doc>
<status status="PASS" start="2025-05-02T18:10:02.424204" elapsed="0.008802"/>
</kw>
<kw name="Run Keyword And Ignore Error" owner="BuiltIn">
<kw name="Click Element" owner="SeleniumLibrary">
<msg time="2025-05-02T18:10:02.433280" level="INFO">Clicking element 'xpath=//div[contains(@class, 'ship-to') or contains(text(),'Ship to')]'.</msg>
<arg>xpath=//div[contains(@class, 'ship-to') or contains(text(),'Ship to')]</arg>
<doc>Click the element identified by ``locator``.</doc>
<status status="PASS" start="2025-05-02T18:10:02.433199" elapsed="0.034497"/>
</kw>
<arg>Click Element</arg>
<arg>xpath=//div[contains(@class, 'ship-to') or contains(text(),'Ship to')]</arg>
<doc>Runs the given keyword with the given arguments and ignores possible error.</doc>
<status status="PASS" start="2025-05-02T18:10:02.433106" elapsed="0.034643"/>
</kw>
<kw name="Sleep" owner="BuiltIn">
<msg time="2025-05-02T18:10:04.469402" level="INFO">Slept 2 seconds.</msg>
<arg>2s</arg>
<doc>Pauses the test executed for the given time.</doc>
<status status="PASS" start="2025-05-02T18:10:02.467856" elapsed="2.001950"/>
</kw>
<kw name="Run Keyword And Ignore Error" owner="BuiltIn">
<kw name="Click Element" owner="SeleniumLibrary">
<msg time="2025-05-02T18:10:04.471593" level="INFO">Clicking element 'xpath=//div[contains(text(),'United Arab Emirates') or contains(text(),'Germany')]'.</msg>
<msg time="2025-05-02T18:10:04.820813" level="INFO" html="true">&lt;/td&gt;&lt;/tr&gt;&lt;tr&gt;&lt;td colspan="3"&gt;&lt;a href="selenium-screenshot-313.png"&gt;&lt;img src="selenium-screenshot-313.png" width="800px"&gt;&lt;/a&gt;</msg>
<msg time="2025-05-02T18:10:04.820894" level="FAIL">Element with locator 'xpath=//div[contains(text(),'United Arab Emirates') or contains(text(),'Germany')]' not found.</msg>
<arg>xpath=//div[contains(text(),'United Arab Emirates') or contains(text(),'Germany')]</arg>
<doc>Click the element identified by ``locator``.</doc>
<status status="FAIL" start="2025-05-02T18:10:04.471126" elapsed="0.349998">Element with locator 'xpath=//div[contains(text(),'United Arab Emirates') or contains(text(),'Germany')]' not found.</status>
</kw>
<arg>Click Element</arg>
<arg>xpath=//div[contains(text(),'United Arab Emirates') or contains(text(),'Germany')]</arg>
<doc>Runs the given keyword with the given arguments and ignores possible error.</doc>
<status status="PASS" start="2025-05-02T18:10:04.470658" elapsed="0.350508"/>
</kw>
<kw name="Sleep" owner="BuiltIn">
<msg time="2025-05-02T18:10:09.822180" level="INFO">Slept 5 seconds.</msg>
<arg>5s</arg>
<doc>Pauses the test executed for the given time.</doc>
<status status="PASS" start="2025-05-02T18:10:04.821258" elapsed="5.001327"/>
</kw>
<kw name="Run Keyword And Ignore Error" owner="BuiltIn">
<kw name="Page Should Contain Element" owner="SeleniumLibrary">
<msg time="2025-05-02T18:10:10.203362" level="INFO" html="true">&lt;/td&gt;&lt;/tr&gt;&lt;tr&gt;&lt;td colspan="3"&gt;&lt;a href="selenium-screenshot-314.png"&gt;&lt;img src="selenium-screenshot-314.png" width="800px"&gt;&lt;/a&gt;</msg>
<msg time="2025-05-02T18:10:10.203475" level="FAIL">xpath=//span[contains(text(),'United Arab Emirates') or contains(text(),'Germany')]</msg>
<arg>xpath=//span[contains(text(),'United Arab Emirates') or contains(text(),'Germany')]</arg>
<arg>xpath=//span[contains(text(),'United Arab Emirates') or contains(text(),'Germany')]</arg>
<doc>Verifies that element ``locator`` is found on the current page.</doc>
<status status="FAIL" start="2025-05-02T18:10:09.823975" elapsed="0.379710">xpath=//span[contains(text(),'United Arab Emirates') or contains(text(),'Germany')]</status>
</kw>
<arg>Page Should Contain Element</arg>
<arg>xpath=//span[contains(text(),'United Arab Emirates') or contains(text(),'Germany')]</arg>
<arg>xpath=//span[contains(text(),'United Arab Emirates') or contains(text(),'Germany')]</arg>
<doc>Runs the given keyword with the given arguments and ignores possible error.</doc>
<status status="PASS" start="2025-05-02T18:10:09.823363" elapsed="0.380379"/>
</kw>
<status status="PASS" start="2025-05-02T18:10:02.424056" elapsed="7.779784"/>
</test>
<kw name="Close Browser" owner="SeleniumLibrary" type="TEARDOWN">
<doc>Closes the current browser.</doc>
<status status="PASS" start="2025-05-02T18:10:10.204154" elapsed="0.180930"/>
</kw>
<status status="PASS" start="2025-05-02T18:07:07.814787" elapsed="182.570346"/>
</suite>
<statistics>
<total>
<stat pass="6" fail="0" skip="0">All Tests</stat>
</total>
<tag>
</tag>
<suite>
<stat name="TestSuite" id="s1" pass="6" fail="0" skip="0">TestSuite</stat>
</suite>
</statistics>
<errors>
</errors>
</robot>
